ZenboSDK/ZenboHelloWorld/build/intermediates/manifest_merge_blame_file/debug/manifest-merger-blame-debug-report.txt
1<?xml version="1.0" encoding="utf-8"?>
2<manifest xmlns:android="http://schemas.android.com/apk/res/android"
3    package="com.robot.asus.myapplication"
4    android:versionCode="1"
5    android:versionName="1.0" >
6
7    <uses-sdk
8        android:minSdkVersion="23"
8-->src\main\AndroidManifest.xml
9        android:targetSdkVersion="26" />
9-->src\main\AndroidManifest.xml
10
11    <application
11-->src\main\AndroidManifest.xml:5:5-22:19
12        android:allowBackup="true"
12-->src\main\AndroidManifest.xml:6:9-35
13        android:debuggable="true"
14        android:extractNativeLibs="false"
15        android:icon="@mipmap/ic_launcher"
15-->src\main\AndroidManifest.xml:7:9-43
16        android:label="@string/app_name"
16-->src\main\AndroidManifest.xml:8:9-41
17        android:supportsRtl="true"
17-->src\main\AndroidManifest.xml:9:9-35
18        android:theme="@style/AppTheme" >
18-->src\main\AndroidManifest.xml:10:9-40
19        <activity android:name="com.robot.asus.ZenboHelloWorld.MainActivity" >
19-->src\main\AndroidManifest.xml:11:9-21:20
19-->src\main\AndroidManifest.xml:11:19-77
20            <intent-filter>
20-->src\main\AndroidManifest.xml:12:13-20:29
21                <action android:name="android.intent.action.MAIN" />
21-->src\main\AndroidManifest.xml:13:17-69
21-->src\main\AndroidManifest.xml:13:25-66
22
23                <category android:name="com.asus.intent.category.ZENBO" />
23-->src\main\AndroidManifest.xml:14:17-75
23-->src\main\AndroidManifest.xml:14:27-72
24                <category android:name="com.asus.intent.category.ZENBO_LAUNCHER" />
24-->src\main\AndroidManifest.xml:15:17-84
24-->src\main\AndroidManifest.xml:15:27-81
25
26                <!-- please comment out the following line when you want to launch to Zenbo App Store -->
27                <!-- See Zenbo Developer Web: Zenbo-SDK-Getting-Started: Important notes on Zenbo APP developing -->
28                <category android:name="android.intent.category.LAUNCHER" />
28-->src\main\AndroidManifest.xml:19:17-77
28-->src\main\AndroidManifest.xml:19:27-74
29            </intent-filter>
30        </activity>
31
32        <meta-data
32-->[com.android.support:appcompat-v7:26.1.0] AndroidManifest.xml:26:9-28:38
33            android:name="android.support.VERSION"
33-->[com.android.support:appcompat-v7:26.1.0] AndroidManifest.xml:27:13-51
34            android:value="26.1.0" />
34-->[com.android.support:appcompat-v7:26.1.0] AndroidManifest.xml:28:13-35
35        <meta-data
35-->[android.arch.lifecycle:runtime:1.0.0] AndroidManifest.xml:25:9-27:47
36            android:name="android.arch.lifecycle.VERSION"
36-->[android.arch.lifecycle:runtime:1.0.0] AndroidManifest.xml:26:13-58
37            android:value="27.0.0-SNAPSHOT" />
37-->[android.arch.lifecycle:runtime:1.0.0] AndroidManifest.xml:27:13-44
38    </application>
39
40</manifest>